
Fri Sep 15 2023 15:26:42 GMT+0100 (Irish Standard Time) -- Binary semantic version is v8.2.1
Fri Sep 15 2023 15:26:42 GMT+0100 (Irish Standard Time) -- Setting output as extra verbose with request parsing
Fri Sep 15 2023 15:26:43 GMT+0100 (Irish Standard Time) -- [SUCCESS] You can now access your local server(s) in our remote browser

Fri Sep 15 2023 15:26:43 GMT+0100 (Irish Standard Time) -- Connecting to BrowserStack using WebSocket protocol...
Fri Sep 15 2023 15:26:43 GMT+0100 (Irish Standard Time) -- Platform supports WebSocket connections.

Fri Sep 15 2023 15:26:45 GMT+0100 (Irish Standard Time) -- Connecting to BrowserStack using WebSocket protocol...
Fri Sep 15 2023 15:26:45 GMT+0100 (Irish Standard Time) -- Platform supports WebSocket connections.

Fri Sep 15 2023 15:26:46 GMT+0100 (Irish Standard Time) -- Connecting to BrowserStack using WebSocket protocol...
Fri Sep 15 2023 15:26:46 GMT+0100 (Irish Standard Time) -- Platform supports WebSocket connections.

Fri Sep 15 2023 15:26:46 GMT+0100 (Irish Standard Time) -- Connecting to BrowserStack using WebSocket protocol...
Fri Sep 15 2023 15:26:46 GMT+0100 (Irish Standard Time) -- Platform supports WebSocket connections.

Fri Sep 15 2023 15:26:46 GMT+0100 (Irish Standard Time) -- Connecting to BrowserStack using WebSocket protocol...
Fri Sep 15 2023 15:26:46 GMT+0100 (Irish Standard Time) -- Platform supports WebSocket connections.

Fri Sep 15 2023 15:26:48 GMT+0100 (Irish Standard Time) -- Connecting to BrowserStack using WebSocket protocol...
Fri Sep 15 2023 15:26:48 GMT+0100 (Irish Standard Time) -- Platform supports WebSocket connections.

Fri Sep 15 2023 15:26:48 GMT+0100 (Irish Standard Time) -- Press Ctrl-C to exit



Fri Sep 15 2023 15:33:05 GMT+0100 (Irish Standard Time) -- Binary semantic version is v8.2.1
Fri Sep 15 2023 15:33:05 GMT+0100 (Irish Standard Time) -- Setting output as extra verbose with request parsing
Fri Sep 15 2023 15:33:06 GMT+0100 (Irish Standard Time) -- [SUCCESS] You can now access your local server(s) in our remote browser

Fri Sep 15 2023 15:33:06 GMT+0100 (Irish Standard Time) -- Connecting to BrowserStack using WebSocket protocol...
Fri Sep 15 2023 15:33:06 GMT+0100 (Irish Standard Time) -- Platform supports WebSocket connections.

Fri Sep 15 2023 15:33:07 GMT+0100 (Irish Standard Time) -- Connecting to BrowserStack using WebSocket protocol...
Fri Sep 15 2023 15:33:07 GMT+0100 (Irish Standard Time) -- Platform supports WebSocket connections.

Fri Sep 15 2023 15:33:07 GMT+0100 (Irish Standard Time) -- Connecting to BrowserStack using WebSocket protocol...
Fri Sep 15 2023 15:33:07 GMT+0100 (Irish Standard Time) -- Connecting to BrowserStack using WebSocket protocol...
Fri Sep 15 2023 15:33:07 GMT+0100 (Irish Standard Time) -- Platform supports WebSocket connections.

Fri Sep 15 2023 15:33:07 GMT+0100 (Irish Standard Time) -- Platform supports WebSocket connections.

Fri Sep 15 2023 15:33:07 GMT+0100 (Irish Standard Time) -- Connecting to BrowserStack using WebSocket protocol...
Fri Sep 15 2023 15:33:08 GMT+0100 (Irish Standard Time) -- Platform supports WebSocket connections.

Fri Sep 15 2023 15:33:08 GMT+0100 (Irish Standard Time) -- Connecting to BrowserStack using WebSocket protocol...
Fri Sep 15 2023 15:33:08 GMT+0100 (Irish Standard Time) -- Platform supports WebSocket connections.

Fri Sep 15 2023 15:33:08 GMT+0100 (Irish Standard Time) -- Press Ctrl-C to exit



Fri Sep 15 2023 15:57:02 GMT+0100 (Irish Standard Time) -- Binary semantic version is v8.2.1
Fri Sep 15 2023 15:57:02 GMT+0100 (Irish Standard Time) -- Setting output as extra verbose with request parsing
Fri Sep 15 2023 15:57:03 GMT+0100 (Irish Standard Time) -- [SUCCESS] You can now access your local server(s) in our remote browser

Fri Sep 15 2023 15:57:03 GMT+0100 (Irish Standard Time) -- Connecting to BrowserStack using WebSocket protocol...
Fri Sep 15 2023 15:57:03 GMT+0100 (Irish Standard Time) -- Platform supports WebSocket connections.

Fri Sep 15 2023 15:57:05 GMT+0100 (Irish Standard Time) -- Connecting to BrowserStack using WebSocket protocol...
Fri Sep 15 2023 15:57:05 GMT+0100 (Irish Standard Time) -- Platform supports WebSocket connections.

Fri Sep 15 2023 15:57:05 GMT+0100 (Irish Standard Time) -- Connecting to BrowserStack using WebSocket protocol...
Fri Sep 15 2023 15:57:05 GMT+0100 (Irish Standard Time) -- Connecting to BrowserStack using WebSocket protocol...
Fri Sep 15 2023 15:57:05 GMT+0100 (Irish Standard Time) -- Connecting to BrowserStack using WebSocket protocol...
Fri Sep 15 2023 15:57:05 GMT+0100 (Irish Standard Time) -- Connecting to BrowserStack using WebSocket protocol...
Fri Sep 15 2023 15:57:05 GMT+0100 (Irish Standard Time) -- Platform supports WebSocket connections.

Fri Sep 15 2023 15:57:05 GMT+0100 (Irish Standard Time) -- Platform supports WebSocket connections.

Fri Sep 15 2023 15:57:05 GMT+0100 (Irish Standard Time) -- Platform supports WebSocket connections.

Fri Sep 15 2023 15:57:05 GMT+0100 (Irish Standard Time) -- Platform supports WebSocket connections.

Fri Sep 15 2023 15:57:05 GMT+0100 (Irish Standard Time) -- Press Ctrl-C to exit



Fri Sep 15 2023 15:58:10 GMT+0100 (Irish Standard Time) -- Binary semantic version is v8.2.1
Fri Sep 15 2023 15:58:10 GMT+0100 (Irish Standard Time) -- Setting output as extra verbose with request parsing
Fri Sep 15 2023 15:58:11 GMT+0100 (Irish Standard Time) -- Connecting to BrowserStack using WebSocket protocol...
Fri Sep 15 2023 15:58:11 GMT+0100 (Irish Standard Time) -- Platform supports WebSocket connections.

Fri Sep 15 2023 15:58:11 GMT+0100 (Irish Standard Time) -- [SUCCESS] You can now access your local server(s) in our remote browser

Fri Sep 15 2023 15:58:13 GMT+0100 (Irish Standard Time) -- Connecting to BrowserStack using WebSocket protocol...
Fri Sep 15 2023 15:58:13 GMT+0100 (Irish Standard Time) -- Connecting to BrowserStack using WebSocket protocol...
Fri Sep 15 2023 15:58:13 GMT+0100 (Irish Standard Time) -- Platform supports WebSocket connections.

Fri Sep 15 2023 15:58:13 GMT+0100 (Irish Standard Time) -- Platform supports WebSocket connections.

Fri Sep 15 2023 15:58:13 GMT+0100 (Irish Standard Time) -- Connecting to BrowserStack using WebSocket protocol...
Fri Sep 15 2023 15:58:13 GMT+0100 (Irish Standard Time) -- Connecting to BrowserStack using WebSocket protocol...
Fri Sep 15 2023 15:58:13 GMT+0100 (Irish Standard Time) -- Platform supports WebSocket connections.

Fri Sep 15 2023 15:58:13 GMT+0100 (Irish Standard Time) -- Platform supports WebSocket connections.

Fri Sep 15 2023 15:58:13 GMT+0100 (Irish Standard Time) -- Connecting to BrowserStack using WebSocket protocol...
Fri Sep 15 2023 15:58:13 GMT+0100 (Irish Standard Time) -- Press Ctrl-C to exit


Fri Sep 15 2023 15:58:13 GMT+0100 (Irish Standard Time) -- Platform supports WebSocket connections.


Fri Sep 15 2023 15:59:58 GMT+0100 (Irish Standard Time) -- Binary semantic version is v8.2.1
Fri Sep 15 2023 15:59:58 GMT+0100 (Irish Standard Time) -- Setting output as extra verbose with request parsing
Fri Sep 15 2023 15:59:59 GMT+0100 (Irish Standard Time) -- [SUCCESS] You can now access your local server(s) in our remote browser

Fri Sep 15 2023 15:59:59 GMT+0100 (Irish Standard Time) -- Connecting to BrowserStack using WebSocket protocol...
Fri Sep 15 2023 15:59:59 GMT+0100 (Irish Standard Time) -- Platform supports WebSocket connections.

Fri Sep 15 2023 16:00:01 GMT+0100 (Irish Standard Time) -- Connecting to BrowserStack using WebSocket protocol...
Fri Sep 15 2023 16:00:01 GMT+0100 (Irish Standard Time) -- Platform supports WebSocket connections.

Fri Sep 15 2023 16:00:01 GMT+0100 (Irish Standard Time) -- Connecting to BrowserStack using WebSocket protocol...
Fri Sep 15 2023 16:00:01 GMT+0100 (Irish Standard Time) -- Platform supports WebSocket connections.

Fri Sep 15 2023 16:00:01 GMT+0100 (Irish Standard Time) -- Connecting to BrowserStack using WebSocket protocol...
Fri Sep 15 2023 16:00:01 GMT+0100 (Irish Standard Time) -- Platform supports WebSocket connections.

Fri Sep 15 2023 16:00:01 GMT+0100 (Irish Standard Time) -- Connecting to BrowserStack using WebSocket protocol...
Fri Sep 15 2023 16:00:01 GMT+0100 (Irish Standard Time) -- Connecting to BrowserStack using WebSocket protocol...
Fri Sep 15 2023 16:00:01 GMT+0100 (Irish Standard Time) -- Platform supports WebSocket connections.

Fri Sep 15 2023 16:00:01 GMT+0100 (Irish Standard Time) -- Platform supports WebSocket connections.

Fri Sep 15 2023 16:00:01 GMT+0100 (Irish Standard Time) -- Press Ctrl-C to exit



Tue Sep 19 2023 11:09:10 GMT+0100 (Irish Standard Time) -- Binary semantic version is v8.2.1
Tue Sep 19 2023 11:09:10 GMT+0100 (Irish Standard Time) -- Setting output as extra verbose with request parsing
Tue Sep 19 2023 11:09:11 GMT+0100 (Irish Standard Time) -- [SUCCESS] You can now access your local server(s) in our remote browser

Tue Sep 19 2023 11:09:11 GMT+0100 (Irish Standard Time) -- Connecting to BrowserStack using WebSocket protocol...
Tue Sep 19 2023 11:09:11 GMT+0100 (Irish Standard Time) -- Platform supports WebSocket connections.

Tue Sep 19 2023 11:09:13 GMT+0100 (Irish Standard Time) -- Connecting to BrowserStack using WebSocket protocol...
Tue Sep 19 2023 11:09:13 GMT+0100 (Irish Standard Time) -- Platform supports WebSocket connections.

Tue Sep 19 2023 11:09:13 GMT+0100 (Irish Standard Time) -- Connecting to BrowserStack using WebSocket protocol...
Tue Sep 19 2023 11:09:13 GMT+0100 (Irish Standard Time) -- Connecting to BrowserStack using WebSocket protocol...
Tue Sep 19 2023 11:09:13 GMT+0100 (Irish Standard Time) -- Platform supports WebSocket connections.

Tue Sep 19 2023 11:09:13 GMT+0100 (Irish Standard Time) -- Platform supports WebSocket connections.

Tue Sep 19 2023 11:09:13 GMT+0100 (Irish Standard Time) -- Connecting to BrowserStack using WebSocket protocol...
Tue Sep 19 2023 11:09:13 GMT+0100 (Irish Standard Time) -- Connecting to BrowserStack using WebSocket protocol...
Tue Sep 19 2023 11:09:13 GMT+0100 (Irish Standard Time) -- Platform supports WebSocket connections.

Tue Sep 19 2023 11:09:13 GMT+0100 (Irish Standard Time) -- Platform supports WebSocket connections.

Tue Sep 19 2023 11:09:13 GMT+0100 (Irish Standard Time) -- Press Ctrl-C to exit



Tue Sep 19 2023 11:12:26 GMT+0100 (Irish Standard Time) -- Binary semantic version is v8.2.1
Tue Sep 19 2023 11:12:26 GMT+0100 (Irish Standard Time) -- Setting output as extra verbose with request parsing
Tue Sep 19 2023 11:12:27 GMT+0100 (Irish Standard Time) -- [SUCCESS] You can now access your local server(s) in our remote browser

Tue Sep 19 2023 11:12:27 GMT+0100 (Irish Standard Time) -- Connecting to BrowserStack using WebSocket protocol...
Tue Sep 19 2023 11:12:27 GMT+0100 (Irish Standard Time) -- Platform supports WebSocket connections.

Tue Sep 19 2023 11:12:29 GMT+0100 (Irish Standard Time) -- Connecting to BrowserStack using WebSocket protocol...
Tue Sep 19 2023 11:12:29 GMT+0100 (Irish Standard Time) -- Connecting to BrowserStack using WebSocket protocol...
Tue Sep 19 2023 11:12:29 GMT+0100 (Irish Standard Time) -- Platform supports WebSocket connections.

Tue Sep 19 2023 11:12:29 GMT+0100 (Irish Standard Time) -- Platform supports WebSocket connections.

Tue Sep 19 2023 11:12:29 GMT+0100 (Irish Standard Time) -- Connecting to BrowserStack using WebSocket protocol...
Tue Sep 19 2023 11:12:29 GMT+0100 (Irish Standard Time) -- Platform supports WebSocket connections.

Tue Sep 19 2023 11:12:29 GMT+0100 (Irish Standard Time) -- Connecting to BrowserStack using WebSocket protocol...
Tue Sep 19 2023 11:12:29 GMT+0100 (Irish Standard Time) -- Connecting to BrowserStack using WebSocket protocol...
Tue Sep 19 2023 11:12:29 GMT+0100 (Irish Standard Time) -- Platform supports WebSocket connections.

Tue Sep 19 2023 11:12:29 GMT+0100 (Irish Standard Time) -- Platform supports WebSocket connections.

Tue Sep 19 2023 11:12:29 GMT+0100 (Irish Standard Time) -- Press Ctrl-C to exit


